<?xml version="1.0" encoding="UTF-8"?>
<!-- Generated by org.testng.reporters.JUnitReportReporter -->
<testsuite hostname="Ibrahims-Air.lan" failures="0" tests="1" name="stepDef.TestRunner" time="0.812" errors="1" timestamp="2023-03-05T21:16:09 GMT-05:00" skipped="0">
  <testcase classname="stepDef.TestRunner" name="setUpClass" time="0.812">
    <error message="Failed to parse resource at: file:///Users/ibrahimkhalil/Documents/ikk1/src/test/java/features/login.feature
(13:5): expected: #TagLine, #ScenarioLine, #Comment, #Empty, got &#039;Given User in TalentTEK Homepage&#039;
(14:5): expected: #TagLine, #ScenarioLine, #Comment, #Empty, got &#039;And User enter valid email address&#039;
(15:5): expected: #TagLine, #ScenarioLine, #Comment, #Empty, got &#039;And User enter invalid password&#039;
(16:5): expected: #TagLine, #ScenarioLine, #Comment, #Empty, got &#039;When User clicks on Log In button&#039;
(17:5): expected: #TagLine, #ScenarioLine, #Comment, #Empty, got &#039;Then User should be able to see &quot; You have entered an incorrect email or student ID.&quot;&#039;" type="io.cucumber.core.gherkin.FeatureParserException">
      <![CDATA[io.cucumber.core.gherkin.FeatureParserException: Failed to parse resource at: file:///Users/ibrahimkhalil/Documents/ikk1/src/test/java/features/login.feature
(13:5): expected: #TagLine, #ScenarioLine, #Comment, #Empty, got 'Given User in TalentTEK Homepage'
(14:5): expected: #TagLine, #ScenarioLine, #Comment, #Empty, got 'And User enter valid email address'
(15:5): expected: #TagLine, #ScenarioLine, #Comment, #Empty, got 'And User enter invalid password'
(16:5): expected: #TagLine, #ScenarioLine, #Comment, #Empty, got 'When User clicks on Log In button'
(17:5): expected: #TagLine, #ScenarioLine, #Comment, #Empty, got 'Then User should be able to see " You have entered an incorrect email or student ID."'
at io.cucumber.core.gherkin.messages.GherkinMessagesFeatureParser.parse(GherkinMessagesFeatureParser.java:52)
at io.cucumber.core.feature.FeatureParser.parseResource(FeatureParser.java:47)
at java.base/java.util.function.BiFunction.lambda$andThen$0(BiFunction.java:70)
at io.cucumber.core.resource.ResourceScanner.lambda$processResource$1(ResourceScanner.java:79)
at io.cucumber.core.resource.PathScanner$ResourceFileVisitor.visitFile(PathScanner.java:75)
at io.cucumber.core.resource.PathScanner$ResourceFileVisitor.visitFile(PathScanner.java:60)
at java.base/java.nio.file.Files.walkFileTree(Files.java:2811)
at io.cucumber.core.resource.PathScanner.findResourcesForPath(PathScanner.java:53)
at io.cucumber.core.resource.PathScanner.findResourcesForUri(PathScanner.java:31)
at io.cucumber.core.resource.ResourceScanner.findResourcesForUri(ResourceScanner.java:61)
at io.cucumber.core.resource.ResourceScanner.scanForResourcesUri(ResourceScanner.java:134)
at io.cucumber.core.runtime.FeaturePathFeatureSupplier.loadFeatures(FeaturePathFeatureSupplier.java:62)
at io.cucumber.core.runtime.FeaturePathFeatureSupplier.get(FeaturePathFeatureSupplier.java:45)
at io.cucumber.testng.TestNGCucumberRunner.<init>(TestNGCucumberRunner.java:108)
at io.cucumber.testng.AbstractTestNGCucumberTests.setUpClass(AbstractTestNGCucumberTests.java:23)
at java.base/jdk.internal.reflect.NativeMethodAccessorImpl.invoke0(Native Method)
at java.base/jdk.internal.reflect.NativeMethodAccessorImpl.invoke(NativeMethodAccessorImpl.java:77)
at java.base/jdk.internal.reflect.DelegatingMethodAccessorImpl.invoke(DelegatingMethodAccessorImpl.java:43)
at java.base/java.lang.reflect.Method.invoke(Method.java:568)
at org.testng.internal.MethodInvocationHelper.invokeMethod(MethodInvocationHelper.java:132)
at org.testng.internal.MethodInvocationHelper.invokeMethodConsideringTimeout(MethodInvocationHelper.java:61)
at org.testng.internal.ConfigInvoker.invokeConfigurationMethod(ConfigInvoker.java:366)
at org.testng.internal.ConfigInvoker.invokeConfigurations(ConfigInvoker.java:320)
at org.testng.internal.TestMethodWorker.invokeBeforeClassMethods(TestMethodWorker.java:176)
at org.testng.internal.TestMethodWorker.run(TestMethodWorker.java:122)
at java.base/java.util.concurrent.ThreadPoolExecutor.runWorker(ThreadPoolExecutor.java:1136)
at java.base/java.util.concurrent.ThreadPoolExecutor$Worker.run(ThreadPoolExecutor.java:635)
at java.base/java.lang.Thread.run(Thread.java:833)
]]>
    </error>
  </testcase> <!-- setUpClass -->
  <system-out/>
</testsuite> <!-- stepDef.TestRunner -->
